<?xml version="1.0" encoding="UTF-8"?>
<!-- Generated by org.testng.reporters.JUnitReportReporter -->
<testsuite hostname="Sanjaypc" failures="0" tests="2" name="testcases.PagenationTest" time="48.820" errors="0" timestamp="2025-05-17T16:11:51 IST" skipped="1">
  <testcase classname="testcases.PagenationTest" name="pagenation" time="18.295"/>
  <system-out/>
  <testcase classname="testcases.PagenationTest" name="pagenation" time="30.525">
    <skipped/>
  </testcase> <!-- pagenation -->
  <system-out/>
</testsuite> <!-- testcases.PagenationTest -->
