<?xml version="1.0" encoding="UTF-8"?>
<!-- Generated by org.testng.reporters.JUnitReportReporter -->
<testsuite hostname="Sanjaypc" failures="0" tests="2" name="testcases.PagenationTest" time="77.580" errors="0" timestamp="2025-05-17T14:57:31 IST" skipped="1">
  <testcase classname="testcases.PagenationTest" name="pagenation" time="28.464">
    <skipped/>
  </testcase> <!-- pagenation -->
  <testcase classname="testcases.PagenationTest" name="pagenation" time="49.116"/>
</testsuite> <!-- testcases.PagenationTest -->
