<?xml version="1.0" encoding="UTF-8"?>
<!-- Generated by org.testng.reporters.JUnitReportReporter -->
<testsuite hostname="Sanjaypc" failures="0" tests="1" name="testcases.Multipleproductselection" time="56.017" errors="0" timestamp="2025-05-02T17:50:00 IST" skipped="0">
  <testcase classname="testcases.Multipleproductselection" name="multipleproducts" time="56.017"/>
</testsuite> <!-- testcases.Multipleproductselection -->
